Build started 2014/01/16 17:09:14.
     1>Project "C:\Users\ChenYe\Documents\Visual Studio 2010\Projects\list\list\list.vcxproj" on node 2 (build target(s)).
     1>InitializeBuildStatus:
         Creating "Debug\list.unsuccessfulbuild" because "AlwaysCreate" was specified.
       ClCompile:
         All outputs are up-to-date.
         D:\Program Files (x86)\Microsoft Visual Studio 10.0\VC\bin\CL.exe /c /ZI /nologo /W3 /WX- /Od /Oy- /D WIN32 /D _DEBUG /D _CONSOLE /D _UNICODE /D UNICODE /Gm /EHsc /RTC1 /MDd /GS /fp:precise /Zc:wchar_t /Zc:forScope /Yu"StdAfx.h" /Fp"Debug\list.pch" /Fo"Debug\\" /Fd"Debug\vc100.pdb" /Gd /TP /analyze- /errorReport:prompt list.cpp
         list.cpp
       ManifestResourceCompile:
         All outputs are up-to-date.
       Link:
         D:\Program Files (x86)\Microsoft Visual Studio 10.0\VC\bin\link.exe /ERRORREPORT:PROMPT /OUT:"C:\Users\ChenYe\Documents\Visual Studio 2010\Projects\list\Debug\list.exe" /INCREMENTAL /NOLOGO kernel32.lib user32.lib gdi32.lib winspool.lib comdlg32.lib advapi32.lib shell32.lib ole32.lib oleaut32.lib uuid.lib odbc32.lib odbccp32.lib /MANIFEST /ManifestFile:"Debug\list.exe.intermediate.manifest" /MANIFESTUAC:"level='asInvoker' uiAccess='false'" /DEBUG /PDB:"C:\Users\ChenYe\Documents\Visual Studio 2010\Projects\list\Debug\list.pdb" /SUBSYSTEM:CONSOLE /TLBID:1 /DYNAMICBASE /NXCOMPAT /IMPLIB:"C:\Users\ChenYe\Documents\Visual Studio 2010\Projects\list\Debug\list.lib" /MACHINE:X86 Debug\list.exe.embed.manifest.res
         Debug\list.obj
         Debug\stdafx.obj
       Manifest:
         C:\Program Files (x86)\Microsoft SDKs\Windows\v7.0A\bin\mt.exe /nologo /verbose /out:"Debug\list.exe.embed.manifest" /manifest Debug\list.exe.intermediate.manifest
         All outputs are up-to-date.
       LinkEmbedManifest:
         All outputs are up-to-date.
         list.vcxproj -> C:\Users\ChenYe\Documents\Visual Studio 2010\Projects\list\Debug\list.exe
       FinalizeBuildStatus:
         Deleting file "Debug\list.unsuccessfulbuild".
         Touching "Debug\list.lastbuildstate".
     1>Done Building Project "C:\Users\ChenYe\Documents\Visual Studio 2010\Projects\list\list\list.vcxproj" (build target(s)).

Build succeeded.

Time Elapsed 00:00:01.30
