Build started 2014/03/12 19:29:16.
     1>Project "C:\Users\ChenYe\documents\visual studio 2010\Projects\pb\pb\pb.vcxproj" on node 2 (build target(s)).
     1>InitializeBuildStatus:
         Creating "Debug\pb.unsuccessfulbuild" because "AlwaysCreate" was specified.
       ClCompile:
         All outputs are up-to-date.
         D:\Program Files (x86)\Microsoft Visual Studio 10.0\VC\bin\CL.exe /c /I"D:\Program Files (x86)\Lua\5.1\include" /ZI /nologo /W3 /WX- /Od /Oy- /D WIN32 /D _DEBUG /D _WINDOWS /D _USRDLL /D PB_EXPORTS /D _WINDLL /D _UNICODE /D UNICODE /Gm /EHsc /RTC1 /MDd /GS /fp:precise /Zc:wchar_t /Zc:forScope /Fo"Debug\\" /Fd"Debug\vc100.pdb" /Gd /TP /analyze- /errorReport:prompt main.cpp
         main.cpp
       ManifestResourceCompile:
         All outputs are up-to-date.
       Link:
         D:\Program Files (x86)\Microsoft Visual Studio 10.0\VC\bin\link.exe /ERRORREPORT:PROMPT /OUT:"C:\Users\ChenYe\documents\visual studio 2010\Projects\pb\Debug\pb.dll" /INCREMENTAL /NOLOGO kernel32.lib user32.lib gdi32.lib winspool.lib comdlg32.lib advapi32.lib shell32.lib ole32.lib oleaut32.lib uuid.lib odbc32.lib odbccp32.lib /MANIFEST /ManifestFile:"Debug\pb.dll.intermediate.manifest" /MANIFESTUAC:"level='asInvoker' uiAccess='false'" /DEBUG /PDB:"C:\Users\ChenYe\documents\visual studio 2010\Projects\pb\Debug\pb.pdb" /SUBSYSTEM:WINDOWS /TLBID:1 /DYNAMICBASE /NXCOMPAT /IMPLIB:"C:\Users\ChenYe\documents\visual studio 2010\Projects\pb\Debug\pb.lib" /MACHINE:X86 /DLL Debug\pb.dll.embed.manifest.res
         Debug\pb.obj
         Debug\main.obj "D:\lib\lua5.1.lib" "D:\lib\lua51.lib" "D:\lib\tolua++.lib" 
       Manifest:
         C:\Program Files (x86)\Microsoft SDKs\Windows\v7.0A\bin\mt.exe /nologo /verbose /out:"Debug\pb.dll.embed.manifest" /manifest Debug\pb.dll.intermediate.manifest
         All outputs are up-to-date.
       LinkEmbedManifest:
         All outputs are up-to-date.
         pb.vcxproj -> C:\Users\ChenYe\documents\visual studio 2010\Projects\pb\Debug\pb.dll
       FinalizeBuildStatus:
         Deleting file "Debug\pb.unsuccessfulbuild".
         Touching "Debug\pb.lastbuildstate".
     1>Done Building Project "C:\Users\ChenYe\documents\visual studio 2010\Projects\pb\pb\pb.vcxproj" (build target(s)).

Build succeeded.

Time Elapsed 00:00:00.49
