Build started 2014/05/04 17:55:30.
     1>Project "C:\Users\ChenYe\documents\visual studio 2010\Projects\i64\i64\i64.vcxproj" on node 2 (build target(s)).
     1>InitializeBuildStatus:
         Touching "Debug\i64.unsuccessfulbuild".
       ClCompile:
         All outputs are up-to-date.
         D:\Program Files (x86)\Microsoft Visual Studio 10.0\VC\bin\CL.exe /c /I"D:\Program Files (x86)\Lua\5.1\include" /ZI /nologo /W3 /WX- /Od /Oy- /D WIN32 /D _DEBUG /D _LIB /D _UNICODE /D UNICODE /Gm /EHsc /RTC1 /MDd /GS /fp:precise /Zc:wchar_t /Zc:forScope /Fo"Debug\\" /Fd"Debug\vc100.pdb" /Gd /TP /analyze- /errorReport:prompt i64.cpp
         i64.cpp
     1>c:\users\chenye\documents\visual studio 2010\projects\i64\i64\i64.cpp(158): warning C4996: 'sprintf': This function or variable may be unsafe. Consider using sprintf_s instead. To disable deprecation, use _CRT_SECURE_NO_WARNINGS. See online help for details.
                 d:\program files (x86)\microsoft visual studio 10.0\vc\include\stdio.h(371) : see declaration of 'sprintf'
     1>c:\users\chenye\documents\visual studio 2010\projects\i64\i64\i64.cpp(170): warning C4244: 'initializing' : conversion from 'lua_Number' to 'long', possible loss of data
       Lib:
         D:\Program Files (x86)\Microsoft Visual Studio 10.0\VC\bin\Lib.exe /OUT:"C:\Users\ChenYe\documents\visual studio 2010\Projects\i64\Debug\i64.lib" /NOLOGO Debug\i64.obj
         i64.vcxproj -> C:\Users\ChenYe\documents\visual studio 2010\Projects\i64\Debug\i64.lib
       FinalizeBuildStatus:
         Deleting file "Debug\i64.unsuccessfulbuild".
         Touching "Debug\i64.lastbuildstate".
     1>Done Building Project "C:\Users\ChenYe\documents\visual studio 2010\Projects\i64\i64\i64.vcxproj" (build target(s)).

Build succeeded.

Time Elapsed 00:00:00.32
